01-01 08:00:15.105  2494  2621 V PackageParser: packageName: aosp.app.hello
01-01 08:00:15.119  2494  2621 V PackageParser: packageName: aosp.app.hello
01-01 08:00:15.195  2494  2494 I PackageManager: Package aosp.app.hello checking android.permission.RECEIVE_BOOT_COMPLETED: BasePermission{6d678b7 android.permission.RECEIVE_BOOT_COMPLETED}
04-28 09:44:12.549  2494  2649 I PackageManager: Package aosp.app.hello checking android.permission.RECEIVE_BOOT_COMPLETED: BasePermission{6d678b7 android.permission.RECEIVE_BOOT_COMPLETED}
04-30 09:04:03.634  2494  2518 D ActivityManager-Keeper: launch persistent app aosp.app.hello
04-30 09:04:03.654  2494  2518 I am_proc_start: [0,3099,10043,aosp.app.hello,added application,aosp.app.hello]
04-30 09:04:03.654  2494  2518 I ActivityManager: Start proc 3099:aosp.app.hello/u0a43 for added application aosp.app.hello
04-30 09:04:03.654  2494  2518 V ActivityManager-Killer: ***Creating new process aosp.app.hello/3099 from system_server/2494
04-30 09:04:03.943  2494  2997 I am_proc_bound: [0,3099,aosp.app.hello]
04-30 09:04:04.562  3099  3099 E zygote64: Dex checksum does not match for dex: /vendor/app/xApp/xApp.apk.Expected: 1269130115, actual: 2231456822
04-30 09:04:04.704  3099  3099 D HelloApp: => onCreate()
04-30 09:04:04.705  3099  3099 D HelloUtils: => initService(aosp.app.hello.HelloApp@7a37593)
04-30 09:04:04.705  3099  3099 D HelloUtils: => doInit(aosp.app.hello.HelloApp@7a37593)
04-30 09:04:04.708  2494  3003 I am_create_service: [0,140792859,.HelloService,10043,3099]
04-30 09:04:04.719  3099  3099 D HelloUtils: <- doInit(aosp.app.hello.HelloApp@7a37593)
04-30 09:04:04.719  3099  3099 D HelloUtils: <- initService(aosp.app.hello.HelloApp@7a37593)
04-30 09:04:04.719  3099  3099 D HelloApp: <- onCreate()
04-30 09:04:04.734  3099  3099 D HelloService: => onCreate()
04-30 09:04:04.734  3099  3099 D HelloService: <- onCreate()
04-30 09:04:04.735  3099  3099 D HelloService: => onStartCommand(Intent { act=aosp.app.hello.intent.action.INIT cmp=aosp.app.hello/.HelloService }, 0, 1)
04-30 09:04:04.736  3099  3099 D HelloService: => actionInit(null)
04-30 09:04:04.736  3099  3099 D HelloUtils: => initService(aosp.app.hello.HelloService@7a7bdc9)
04-30 09:04:04.736  3099  3099 D HelloUtils: <- initService(aosp.app.hello.HelloService@7a7bdc9)
04-30 09:04:04.736  3099  3099 D HelloService: <- actionInit(null)
04-30 09:04:04.736  3099  3099 D HelloService: <- onStartCommand(Intent { act=aosp.app.hello.intent.action.INIT cmp=aosp.app.hello/.HelloService }, 0, 1)
04-30 09:04:11.232  3099  3099 D HelloApp: => onTrimMemory(15)
04-30 09:04:11.232  3099  3099 D HelloApp: <- onTrimMemory(15)
04-30 09:04:14.832  3619  3816 I PluginFramework -- WidgetManager: getWidget id =#aosp.app.hello#
04-30 09:04:14.832  3619  3816 I PackageManagerHookHandle: getPackageInfo(aosp.app.hello) fail ,packageInfo is null
04-30 09:04:14.848  3619  3816 I AppPlugin: AppDataModel -- loadAllItems every itemInfo = [ title = xApp packageName = aosp.app.hello className = aosp.app.hello.MainActivity type = 0 flags = 948485709 ]
04-30 09:04:21.878  3619  3619 I AppExUtils: [com.stv.deskplatform][1.3.1904.025] : pkgName in localapp list:aosp.app.hello // 0
04-30 09:04:21.923  3619  3619 I MainDataLoader: [com.stv.deskplatform][1.3.1904.025] : peocessAppToList packageName: aosp.app.hello
04-30 09:04:24.249  3099  3099 D BootCompletedReceiver: => BootCompletedReceiver()
04-30 09:04:24.249  3099  3099 D BootCompletedReceiver: => BootCompletedReceiver()
04-30 09:04:24.249  3099  3099 D BootCompletedReceiver: => onReceive(android.app.ReceiverRestrictedContext@b53cce, Intent { act=android.intent.action.BOOT_COMPLETED flg=0x9000010 cmp=aosp.app.hello/.BootCompletedReceiver (has extras) },)
04-30 09:04:24.249  3099  3099 D BootCompletedReceiver: => doActionBootCompleted(Bundle[mParcelledData.dataSize=84])
04-30 09:04:24.249  3099  3099 D BootCompletedReceiver: <- doActionBootCompleted(Bundle[mParcelledData.dataSize=84])
04-30 09:04:24.249  3099  3099 D BootCompletedReceiver: <- onReceive(android.app.ReceiverRestrictedContext@b53cce, Intent { act=android.intent.action.BOOT_COMPLETED flg=0x9000010 cmp=aosp.app.hello/.BootCompletedReceiver (has extras) },)
04-30 09:04:25.062  3099  3106 I zygote64: Debugger is no longer active
04-30 09:04:29.309  4115  4213 E STVADLOG3: AppOpenAdListRequestTask,  appName xApp pkg aosp.app.hello
04-30 09:04:29.310  4115  4213 D STVADLOG3: FileUtils, create file /fastplay/.admanager/SplashAppList/aosp.app.hello true